C51 COMPILER V7.08   C51_1                                                                 02/12/2019 16:23:07 PAGE 1   


C51 COMPILER V7.08, COMPILATION OF MODULE C51_1
OBJECT MODULE PLACED IN c51-1.OBJ
COMPILER INVOKED BY: C:\Keil\C51\BIN\C51.EXE c51-1.c BROWSE DEBUG OBJECTEXTEND

line level    source

*** WARNING C500 IN LINE 1 OF C51-1.C: MISSING DEVICE (SECURITY KEY NOT FOUND)
   1          #include <uart.h>
   2          #include <BoeBot.h>
   3          
   4          int main(void)
   5          {
   6   1              int a;
   7   1              uart_Init();
   8   1              while(1)
   9   1              {
  10   2                      if(qti_right()&&qti_left())
*** WARNING C206 IN LINE 10 OF C51-1.C: 'qti_right': missing function-prototype
*** WARNING C206 IN LINE 10 OF C51-1.C: 'qti_left': missing function-prototype
  11   2                      {
  12   3                              forward();
*** WARNING C206 IN LINE 12 OF C51-1.C: 'forward': missing function-prototype
  13   3                      }
  14   2                      else if(qti_right()==1&&qti_left()==0)
  15   2                      {
  16   3                              right();
*** WARNING C206 IN LINE 16 OF C51-1.C: 'right': missing function-prototype
  17   3                      }
  18   2                      else if(qti_right()==0&&qti_left()==1)
  19   2                      {
  20   3                              left();
*** WARNING C206 IN LINE 20 OF C51-1.C: 'left': missing function-prototype
  21   3                      }
  22   2                      else forward();
  23   2              };
  24   1              return 0;
  25   1      }
*** WARNING C280 IN LINE 6 OF C51-1.C: 'a': unreferenced local variable
  26          int qti_right()
  27          {
  28   1              return(P1&0x01)? 1:0;
  29   1      }
  30          int qti_left()
  31          {
  32   1              return(P1&0x02)? 1:0;
  33   1      }
  34          
  35          int forward()
  36          {
  37   1              P1_0=1;
  38   1              delay_nus(1300);
  39   1              P1_0=0;
  40   1              P1_1=1;
  41   1              delay_nus(1700);
  42   1              P1_1=0;
  43   1              delay_nms(20); 
  44   1      }
  45          int right()
  46          {
  47   1              P1_0=1;
  48   1              delay_nus(1700);
C51 COMPILER V7.08   C51_1                                                                 02/12/2019 16:23:07 PAGE 2   

  49   1              P1_0=0;
  50   1              P1_1=1;
  51   1              delay_nus(1700);
  52   1              P1_1=0;
  53   1              delay_nms(20); 
  54   1      }
  55          
  56          int left()
  57          {
  58   1              P1_0=1;
  59   1              delay_nus(1300);
  60   1              P1_0=0;
  61   1              P1_1=1;
  62   1              delay_nus(1300);
  63   1              P1_1=0;
  64   1              delay_nms(20); 
  65   1      }


MODULE INFORMATION:   STATIC OVERLAYABLE
   CODE SIZE        =    411    ----
   CONSTANT SIZE    =   ----    ----
   XDATA SIZE       =   ----    ----
   PDATA SIZE       =   ----    ----
   DATA SIZE        =      4       2
   IDATA SIZE       =     16    ----
   BIT SIZE         =      2    ----
END OF MODULE INFORMATION.


C51 COMPILATION COMPLETE.  7 WARNING(S),  0 ERROR(S)
